This is pdfTeX, Version 3.1415926-2.5-1.40.14 (TeX Live 2013) (format=pdflatex 2014.3.5)  28 MAR 2014 17:32
entering extended mode
 restricted \write18 enabled.
 %&-line parsing enabled.
**ExempleUsPlantillaA4.tex
(./ExempleUsPlantillaA4.tex
LaTeX2e <2011/06/27>
Babel <3.9f> and hyphenation patterns for 78 languages loaded.
(./tesi_upf.cls

LaTeX Warning: You have requested document class `tesi_upf',
               but the document class provides `book'.

Document Class: book 2005/09/16 v1.4f Standard LaTeX document class
(/usr/local/texlive/2013/texmf-dist/tex/latex/base/bk12.clo
File: bk12.clo 2007/10/19 v1.4h Standard LaTeX file (size option)
)
\c@part=\count79
\c@chapter=\count80
\c@section=\count81
\c@subsection=\count82
\c@subsubsection=\count83
\c@paragraph=\count84
\c@subparagraph=\count85
\c@figure=\count86
\c@table=\count87
\abovecaptionskip=\skip41
\belowcaptionskip=\skip42
\bibindent=\dimen102
)
(/usr/local/texlive/2013/texmf-dist/tex/latex/base/inputenc.sty
Package: inputenc 2008/03/30 v1.1d Input encoding file
\inpenc@prehook=\toks14
\inpenc@posthook=\toks15

(/usr/local/texlive/2013/texmf-dist/tex/latex/base/latin1.def
File: latin1.def 2008/03/30 v1.1d Input encoding file
))
(/usr/local/texlive/2013/texmf-dist/tex/generic/babel/babel.sty
Package: babel 2013/05/16 v3.9f The Babel package

(/usr/local/texlive/2013/texmf-dist/tex/generic/babel-catalan/catalan.ldf
Language: catalan 2005/03/29 v2.2p Catalan support from the babel system

(/usr/local/texlive/2013/texmf-dist/tex/generic/babel/babel.def
File: babel.def 2013/05/16 v3.9f Babel common definitions
\babel@savecnt=\count88
\U@D=\dimen103
)
Package babel Info: Making " an active character on input line 91.
Warning: You are using encoding OT1 instead of T1.
Some word breaks will not be found.
\leftllkern=\dimen104
\rightllkern=\dimen105
\raiselldim=\dimen106
)
(/usr/local/texlive/2013/texmf-dist/tex/generic/babel-english/english.ldf
Language: english 2012/08/20 v3.3p English support from the babel system
\l@canadian = a dialect from \language\l@american 
\l@australian = a dialect from \language\l@british 
\l@newzealand = a dialect from \language\l@british 
))
(./crop.sty
Package: crop 2003/05/20 v1.9 crop marks (mf)
\stockwidth=\dimen107
\stockheight=\dimen108
\CROP@index=\count89
 (/usr/local/texlive/2013/texmf-dist/tex/latex/graphics/color.sty
Package: color 2005/11/14 v1.0j Standard LaTeX Color (DPC)

(/usr/local/texlive/2013/texmf-dist/tex/latex/latexconfig/color.cfg
File: color.cfg 2007/01/18 v1.5 color configuration of teTeX/TeXLive
)
Package color Info: Driver file: pdftex.def on input line 130.

(/usr/local/texlive/2013/texmf-dist/tex/latex/pdftex-def/pdftex.def
File: pdftex.def 2011/05/27 v0.06d Graphics/color for pdfTeX

(/usr/local/texlive/2013/texmf-dist/tex/generic/oberdiek/infwarerr.sty
Package: infwarerr 2010/04/08 v1.3 Providing info/warning/error messages (HO)
)
(/usr/local/texlive/2013/texmf-dist/tex/generic/oberdiek/ltxcmds.sty
Package: ltxcmds 2011/11/09 v1.22 LaTeX kernel commands for general use (HO)
)
\Gread@gobject=\count90
))
(/usr/local/texlive/2013/texmf-dist/tex/latex/graphics/graphics.sty
Package: graphics 2009/02/05 v1.0o Standard LaTeX Graphics (DPC,SPQR)

(/usr/local/texlive/2013/texmf-dist/tex/latex/graphics/trig.sty
Package: trig 1999/03/16 v1.09 sin cos tan (DPC)
)
(/usr/local/texlive/2013/texmf-dist/tex/latex/latexconfig/graphics.cfg
File: graphics.cfg 2010/04/23 v1.9 graphics configuration of TeX Live
)
Package graphics Info: Driver file: pdftex.def on input line 91.
)
\CROP@offset=\count91
Package crop Info: Local config file crop.cfg used on input line 605.

(/usr/local/texlive/2013/texmf-dist/tex/xelatex/xetexconfig/crop.cfg))
(/usr/local/texlive/2013/texmf-dist/tex/latex/graphics/graphicx.sty
Package: graphicx 1999/02/16 v1.0f Enhanced LaTeX Graphics (DPC,SPQR)

(/usr/local/texlive/2013/texmf-dist/tex/latex/graphics/keyval.sty
Package: keyval 1999/03/16 v1.13 key=value parser (DPC)
\KV@toks@=\toks16
)
\Gin@req@height=\dimen109
\Gin@req@width=\dimen110
)
(/usr/local/texlive/2013/texmf-dist/tex/latex/psnfss/times.sty
Package: times 2005/04/12 PSNFSS-v9.2a (SPQR) 
)
(/usr/local/texlive/2013/texmf-dist/tex/latex/base/makeidx.sty
Package: makeidx 2000/03/29 v1.0m Standard LaTeX package
)
\@indexfile=\write3
\openout3 = `ExempleUsPlantillaA4.idx'.


Writing index file ExempleUsPlantillaA4.idx
(./ExempleUsPlantillaA4.aux)
\openout1 = `ExempleUsPlantillaA4.aux'.

LaTeX Font Info:    Checking defaults for OML/cmm/m/it on input line 49.
LaTeX Font Info:    ... okay on input line 49.
LaTeX Font Info:    Checking defaults for T1/cmr/m/n on input line 49.
LaTeX Font Info:    ... okay on input line 49.
LaTeX Font Info:    Checking defaults for OT1/cmr/m/n on input line 49.
LaTeX Font Info:    ... okay on input line 49.
LaTeX Font Info:    Checking defaults for OMS/cmsy/m/n on input line 49.
LaTeX Font Info:    ... okay on input line 49.
LaTeX Font Info:    Checking defaults for OMX/cmex/m/n on input line 49.
LaTeX Font Info:    ... okay on input line 49.
LaTeX Font Info:    Checking defaults for U/cmr/m/n on input line 49.
LaTeX Font Info:    ... okay on input line 49.
LaTeX Font Info:    Try loading font information for OT1+ptm on input line 49.

(/usr/local/texlive/2013/texmf-dist/tex/latex/psnfss/ot1ptm.fd
File: ot1ptm.fd 2001/06/04 font definitions for OT1/ptm.
)
LaTeX Info: Redefining \l on input line 49.
LaTeX Info: Redefining \L on input line 49.

(/usr/local/texlive/2013/texmf-dist/tex/context/base/supp-pdf.mkii
[Loading MPS to PDF converter (version 2006.09.02).]
\scratchcounter=\count92
\scratchdimen=\dimen111
\scratchbox=\box26
\nofMPsegments=\count93
\nofMParguments=\count94
\everyMPshowfont=\toks17
\MPscratchCnt=\count95
\MPscratchDim=\dimen112
\MPnumerator=\count96
\makeMPintoPDFobject=\count97
\everyMPtoPDFconversion=\toks18
) (/usr/local/texlive/2013/texmf-dist/tex/generic/oberdiek/pdftexcmds.sty
Package: pdftexcmds 2011/11/29 v0.20 Utility functions of pdfTeX for LuaTeX (HO
)

(/usr/local/texlive/2013/texmf-dist/tex/generic/oberdiek/ifluatex.sty
Package: ifluatex 2010/03/01 v1.3 Provides the ifluatex switch (HO)
Package ifluatex Info: LuaTeX not detected.
)
(/usr/local/texlive/2013/texmf-dist/tex/generic/oberdiek/ifpdf.sty
Package: ifpdf 2011/01/30 v2.3 Provides the ifpdf switch (HO)
Package ifpdf Info: pdfTeX in PDF mode is detected.
)
Package pdftexcmds Info: LuaTeX not detected.
Package pdftexcmds Info: \pdf@primitive is available.
Package pdftexcmds Info: \pdf@ifprimitive is available.
Package pdftexcmds Info: \pdfdraftmode found.
)
(/usr/local/texlive/2013/texmf-dist/tex/latex/oberdiek/epstopdf-base.sty
Package: epstopdf-base 2010/02/09 v2.5 Base part for package epstopdf

(/usr/local/texlive/2013/texmf-dist/tex/latex/oberdiek/grfext.sty
Package: grfext 2010/08/19 v1.1 Manage graphics extensions (HO)

(/usr/local/texlive/2013/texmf-dist/tex/generic/oberdiek/kvdefinekeys.sty
Package: kvdefinekeys 2011/04/07 v1.3 Define keys (HO)
))
(/usr/local/texlive/2013/texmf-dist/tex/latex/oberdiek/kvoptions.sty
Package: kvoptions 2011/06/30 v3.11 Key value format for package options (HO)

(/usr/local/texlive/2013/texmf-dist/tex/generic/oberdiek/kvsetkeys.sty
Package: kvsetkeys 2012/04/25 v1.16 Key value parser (HO)

(/usr/local/texlive/2013/texmf-dist/tex/generic/oberdiek/etexcmds.sty
Package: etexcmds 2011/02/16 v1.5 Avoid name clashes with e-TeX commands (HO)
Package etexcmds Info: Could not find \expanded.
(etexcmds)             That can mean that you are not using pdfTeX 1.50 or
(etexcmds)             that some package has redefined \expanded.
(etexcmds)             In the latter case, load this package earlier.
)))
Package grfext Info: Graphics extension search list:
(grfext)             [.png,.pdf,.jpg,.mps,.jpeg,.jbig2,.jb2,.PNG,.PDF,.JPG,.JPE
G,.JBIG2,.JB2,.eps]
(grfext)             \AppendGraphicsExtensions on input line 452.

(/usr/local/texlive/2013/texmf-dist/tex/latex/latexconfig/epstopdf-sys.cfg
File: epstopdf-sys.cfg 2010/07/13 v1.3 Configuration of (r)epstopdf for TeX Liv
e
))
Package crop Info: requested driver: `' on input line 49.
Package crop Info: detected driver: `pdftex' on input line 49.
Package crop Info: using `pdftex' graphics driver on input line 49.
LaTeX Font Info:    Try loading font information for OT1+phv on input line 54.

(/usr/local/texlive/2013/texmf-dist/tex/latex/psnfss/ot1phv.fd
File: ot1phv.fd 2001/06/04 scalable font definitions for OT1/phv.
)
LaTeX Font Info:    External font `cmex10' loaded for size
(Font)              <14.4> on input line 54.
LaTeX Font Info:    External font `cmex10' loaded for size
(Font)              <7> on input line 54.

<logo_upf.png, id=1, 36.135pt x 13.2495pt>
File: logo_upf.png Graphic file (type png)
 <use logo_upf.png>
Package pdftex.def Info: logo_upf.png used on input line 54.
(pdftex.def)             Requested size: 14.45372pt x 5.2997pt.
 [1{/usr/local/texlive/2013/texmf-var/fonts/map/pdftex/updmap/pdftex.map}





 <./logo_upf.png>]
[2


] [3] [4


] [5] [6


]
LaTeX Font Info:    Font shape `OT1/ptm/bx/n' in size <17.28> not available
(Font)              Font shape `OT1/ptm/b/n' tried instead on input line 77.
LaTeX Font Info:    Font shape `OT1/phv/bx/n' in size <17.28> not available
(Font)              Font shape `OT1/phv/b/n' tried instead on input line 77.
 [7] [8


]
LaTeX Font Info:    Font shape `OT1/ptm/bx/n' in size <12> not available
(Font)              Font shape `OT1/ptm/b/n' tried instead on input line 92.
 [9] [10


]
LaTeX Font Info:    Font shape `OT1/ptm/bx/n' in size <24.88> not available
(Font)              Font shape `OT1/ptm/b/n' tried instead on input line 99.
 (./ExempleUsPlantillaA4.toc
LaTeX Font Info:    External font `cmex10' loaded for size
(Font)              <12> on input line 8.
LaTeX Font Info:    External font `cmex10' loaded for size
(Font)              <8> on input line 8.
LaTeX Font Info:    External font `cmex10' loaded for size
(Font)              <6> on input line 8.
)
\tf@toc=\write4
\openout4 = `ExempleUsPlantillaA4.toc'.

 [11


] [12


]
(./ExempleUsPlantillaA4.lof)
\tf@lof=\write5
\openout5 = `ExempleUsPlantillaA4.lof'.

 [13] [14


] (./ExempleUsPlantillaA4.lot)
\tf@lot=\write6
\openout6 = `ExempleUsPlantillaA4.lot'.

 [15]
[16


]
LaTeX Font Info:    Try loading font information for OT1+pcr on input line 119.

 (/usr/local/texlive/2013/texmf-dist/tex/latex/psnfss/ot1pcr.fd
File: ot1pcr.fd 2001/06/04 font definitions for OT1/pcr.
)
Overfull \hbox (16.3189pt too wide) in paragraph at lines 138--139
[]\OT1/ptm/m/n/12 A les co-man-des \OT1/pcr/m/n/12 title\OT1/ptm/m/n/12 , \OT1/
pcr/m/n/12 subtitle\OT1/ptm/m/n/12 , \OT1/pcr/m/n/12 author\OT1/ptm/m/n/12 , \O
T1/pcr/m/n/12 thyear\OT1/ptm/m/n/12 ,\OT1/pcr/m/n/12 department\OT1/ptm/m/n/12 
,
 []


Overfull \hbox (2.70372pt too wide) in paragraph at lines 141--142
[]\OT1/ptm/m/n/12 Per la co-mo-di-tat de l'u-su-a-ri s'in-cor-po-ren els pa-que
ts \OT1/pcr/m/n/12 crop \OT1/ptm/m/n/12 i \OT1/pcr/m/n/12 geometry\OT1/ptm/m/n/
12 . 
 []

[1


]
Overfull \hbox (4.36542pt too wide) in paragraph at lines 155--156
[]\OT1/ptm/m/n/12 Les co-man-des []\OT1/pcr/m/n/12 \usepackage{makeidx} \makein
dex \OT1/ptm/m/n/12 en el pre[]ambul
 []


Overfull \hbox (45.34361pt too wide) in paragraph at lines 161--162
\OT1/ptm/m/n/12 tes de []\OT1/pcr/m/n/12 plain \OT1/ptm/m/n/12 pot ser al-gun d
els es-tils ha-bi-tu-als, com per exem-ple []\OT1/pcr/m/n/12 vancouver\OT1/ptm/
m/n/12 ...Per
 []


LaTeX Warning: Citation `sartre1984ser' on page 2 undefined on input line 169.

[2]
Cap\'{\i }tol 1.
LaTeX Font Info:    External font `cmex10' loaded for size
(Font)              <5> on input line 180.
LaTeX Font Info:    Font shape `OT1/ptm/bx/n' in size <14.4> not available
(Font)              Font shape `OT1/ptm/b/n' tried instead on input line 197.
File: logo_upf.png Graphic file (type png)
<use logo_upf.png>
Package pdftex.def Info: logo_upf.png used on input line 206.
(pdftex.def)             Requested size: 18.06744pt x 6.62473pt.
 [3


] [4


]
Cap\'{\i }tol 2.
[5]
No file ExempleUsPlantillaA4.bbl.
[6]
No file ExempleUsPlantillaA4.ind.
(./ExempleUsPlantillaA4.aux)

LaTeX Warning: There were undefined references.

 )
(\end occurred inside a group at level 1)

### simple group (level 1) entered at line 203 ({)
### bottom level 
Here is how much of TeX's memory you used:
 2377 strings out of 493315
 33364 string characters out of 6137905
 99573 words of memory out of 5000000
 5760 multiletter control sequences out of 15000+600000
 29985 words of font info for 56 fonts, out of 8000000 for 9000
 957 hyphenation exceptions out of 8191
 38i,10n,23p,559b,238s stack positions out of 5000i,500n,10000p,200000b,80000s
{/usr/local/texlive/2013/texmf-dist/fonts/enc/dvips/base/8r.enc
}</usr/local/texlive/2013/texmf-dist/fonts/type1/urw/courier/ucrr8a.pfb></usr/l
ocal/texlive/2013/texmf-dist/fonts/type1/urw/helvetic/uhvb8a.pfb></usr/local/te
xlive/2013/texmf-dist/fonts/type1/urw/helvetic/uhvr8a.pfb></usr/local/texlive/2
013/texmf-dist/fonts/type1/urw/times/utmb8a.pfb></usr/local/texlive/2013/texmf-
dist/fonts/type1/urw/times/utmr8a.pfb>
Output written on ExempleUsPlantillaA4.pdf (22 pages, 80539 bytes).
PDF statistics:
 97 PDF objects out of 1000 (max. 8388607)
 66 compressed objects within 1 object stream
 0 named destinations out of 1000 (max. 500000)
 6 words of extra memory for PDF output out of 10000 (max. 10000000)

