\BOOKMARK [1][-]{section.1}{Introduction}{}% 1
\BOOKMARK [1][-]{section.2}{Tonality}{}% 2
\BOOKMARK [2][-]{subsection.2.1}{Defining Tonality}{section.2}% 3
\BOOKMARK [3][-]{subsubsection.2.1.1}{General Definition}{subsection.2.1}% 4
\BOOKMARK [3][-]{subsubsection.2.1.2}{Babbitt's Domains}{subsection.2.1}% 5
\BOOKMARK [2][-]{subsection.2.2}{Modelling Tonality}{section.2}% 6
\BOOKMARK [3][-]{subsubsection.2.2.1}{Tonality as Context}{subsection.2.2}% 7
\BOOKMARK [3][-]{subsubsection.2.2.2}{Tonality in MIR}{subsection.2.2}% 8
\BOOKMARK [3][-]{subsubsection.2.2.3}{Similarity}{subsection.2.2}% 9
\BOOKMARK [2][-]{subsection.2.3}{The Semantic Gap}{section.2}% 10
\BOOKMARK [3][-]{subsubsection.2.3.1}{Acoustic Domain}{subsection.2.3}% 11
\BOOKMARK [3][-]{subsubsection.2.3.2}{Graphemic Domain}{subsection.2.3}% 12
\BOOKMARK [3][-]{subsubsection.2.3.3}{Problems}{subsection.2.3}% 13
\BOOKMARK [2][-]{subsection.2.4}{Systematicity}{section.2}% 14
\BOOKMARK [3][-]{subsubsection.2.4.1}{The Musical Surface}{subsection.2.4}% 15
\BOOKMARK [3][-]{subsubsection.2.4.2}{Systematic Description}{subsection.2.4}% 16
\BOOKMARK [1][-]{section.3}{Pitch-Class Set Theory}{}% 17
\BOOKMARK [2][-]{subsection.3.1}{Pitch Class}{section.3}% 18
\BOOKMARK [2][-]{subsection.3.2}{Set Classification}{section.3}% 19
\BOOKMARK [2][-]{subsection.3.3}{Vector Analysis}{section.3}% 20
\BOOKMARK [3][-]{subsubsection.3.3.1}{Membership and Inclusion}{subsection.3.3}% 21
\BOOKMARK [3][-]{subsubsection.3.3.2}{Embedding Number}{subsection.3.3}% 22
\BOOKMARK [3][-]{subsubsection.3.3.3}{Subset Vectors}{subsection.3.3}% 23
\BOOKMARK [2][-]{subsection.3.4}{PC-Set Similarity}{section.3}% 24
\BOOKMARK [3][-]{subsubsection.3.4.1}{Similarity Relations}{subsection.3.4}% 25
\BOOKMARK [3][-]{subsubsection.3.4.2}{Similarity Measures}{subsection.3.4}% 26
\BOOKMARK [3][-]{subsubsection.3.4.3}{Castrens Criteria}{subsection.3.4}% 27
\BOOKMARK [2][-]{subsection.3.5}{Perceptual relevance}{section.3}% 28
\BOOKMARK [3][-]{subsubsection.3.5.1}{Octave Equivalence}{subsection.3.5}% 29
\BOOKMARK [3][-]{subsubsection.3.5.2}{Set-Class Equivalence}{subsection.3.5}% 30
\BOOKMARK [3][-]{subsubsection.3.5.3}{Perceived vs Theoretical Similarity}{subsection.3.5}% 31
\BOOKMARK [2][-]{subsection.3.6}{PC-set Theory for Analysis}{section.3}% 32
\BOOKMARK [1][-]{section.4}{Multidimensional Scaling}{}% 33
\BOOKMARK [2][-]{subsection.4.1}{Non-Metric MDS}{section.4}% 34
\BOOKMARK [2][-]{subsection.4.2}{Cluster Analysis}{section.4}% 35
\BOOKMARK [2][-]{subsection.4.3}{MDS with Similarity Measures}{section.4}% 36
\BOOKMARK [1][-]{section.5}{Spatial Models of Tonality}{}% 37
\BOOKMARK [2][-]{subsection.5.1}{Similarity and Distance}{section.5}% 38
\BOOKMARK [2][-]{subsection.5.2}{Spatial Representations}{section.5}% 39
\BOOKMARK [2][-]{subsection.5.3}{Cognitive Psychology}{section.5}% 40
\BOOKMARK [2][-]{subsection.5.4}{Set-Class Spaces}{section.5}% 41
\BOOKMARK [1][-]{section.6}{PC-set Theory Glossary}{}% 42
